<?xml version="1.0" encoding="UTF-8"?>
<!-- Generated by org.testng.reporters.JUnitReportReporter -->
<testsuite skipped="0" hostname="ip-172-31-8-75" name="test.Testcase1" tests="1" failures="0" timestamp="24 Feb 2021 05:51:54 GMT" time="4.930" errors="0">
  <testcase name="LoginTest" time="4.930" classname="test.Testcase1"/>
</testsuite> <!-- test.Testcase1 -->
