<?xml version="1.0" encoding="UTF-8"?>
<!-- Generated by org.testng.reporters.JUnitReportReporter -->
<testsuite skipped="0" hostname="ip-172-31-8-75" name="Maven.Simplilearn_Maven.AppTest" tests="1" failures="0" timestamp="24 Feb 2021 05:47:06 GMT" time="0.006" errors="0">
  <testcase name="testApp" time="0.006" classname="Maven.Simplilearn_Maven.AppTest"/>
</testsuite> <!-- Maven.Simplilearn_Maven.AppTest -->
